[debug] [2024-10-30T08:26:21.353Z] ----------------------------------------------------------------------
[debug] [2024-10-30T08:26:21.361Z] Command:       C:\Program Files\nodejs\node.exe C:\Users\HP\AppData\Roaming\npm\node_modules\firebase-tools\lib\bin\firebase.js init
[debug] [2024-10-30T08:26:21.362Z] CLI Version:   13.23.0
[debug] [2024-10-30T08:26:21.363Z] Platform:      win32
[debug] [2024-10-30T08:26:21.363Z] Node Version:  v20.10.0
[debug] [2024-10-30T08:26:21.363Z] Time:          Wed Oct 30 2024 11:26:21 GMT+0300 (East Africa Time)
[debug] [2024-10-30T08:26:21.364Z] ----------------------------------------------------------------------
[debug] 
[debug] [2024-10-30T08:26:21.378Z] > command requires scopes: ["email","openid","https://www.googleapis.com/auth/cloudplatformprojects.readonly","https://www.googleapis.com/auth/firebase","https://www.googleapis.com/auth/cloud-platform"]
[debug] [2024-10-30T08:26:21.379Z] > authorizing via signed-in user (rickymuk254@gmail.com)
[info] 
     ######## #### ########  ######## ########     ###     ######  ########
     ##        ##  ##     ## ##       ##     ##  ##   ##  ##       ##
     ######    ##  ########  ######   ########  #########  ######  ######
     ##        ##  ##    ##  ##       ##     ## ##     ##       ## ##
     ##       #### ##     ## ######## ########  ##     ##  ######  ########

You're about to initialize a Firebase project in this directory:

  C:\Users\HP\Documents\Projects\Amani

[info] 
=== Project Setup
[info] 
[info] First, let's associate this project directory with a Firebase project.
[info] You can create multiple project aliases by running firebase use --add, 
[info] but for now we'll just set up a default project.
[info] 
[debug] [2024-10-30T08:28:31.611Z] Checked if tokens are valid: true, expires at: 1730280339444
[debug] [2024-10-30T08:28:31.612Z] Checked if tokens are valid: true, expires at: 1730280339444
[debug] [2024-10-30T08:28:31.624Z] >>> [apiv2][query] GET https://firebase.googleapis.com/v1beta1/projects pageSize=100
[debug] [2024-10-30T08:28:33.329Z] <<< [apiv2][status] GET https://firebase.googleapis.com/v1beta1/projects 200
[debug] [2024-10-30T08:28:33.329Z] <<< [apiv2][body] GET https://firebase.googleapis.com/v1beta1/projects [omitted]
[info] i  Using project amani-524a8 (Amani) 
[info] 
=== Hosting Setup
[debug] [2024-10-30T08:28:41.486Z] Checked if tokens are valid: true, expires at: 1730280339444
[debug] [2024-10-30T08:28:41.486Z] Checked if tokens are valid: true, expires at: 1730280339444
[debug] [2024-10-30T08:28:41.486Z] >>> [apiv2][query] GET https://firebase.googleapis.com/v1beta1/projects/amani-524a8 [none]
[debug] [2024-10-30T08:28:42.487Z] <<< [apiv2][status] GET https://firebase.googleapis.com/v1beta1/projects/amani-524a8 200
[debug] [2024-10-30T08:28:42.487Z] <<< [apiv2][body] GET https://firebase.googleapis.com/v1beta1/projects/amani-524a8 {"projectId":"amani-524a8","projectNumber":"779024041922","displayName":"Amani","name":"projects/amani-524a8","resources":{"hostingSite":"amani-524a8"},"state":"ACTIVE","etag":"1_fd594688-3b67-40c4-9aa8-1539a46c9809"}
[info] 
[info] Your public directory is the folder (relative to your project directory) that
[info] will contain Hosting assets to be uploaded with firebase deploy. If you
[info] have a build process for your assets, use your build's output directory.
[info] 
[info] +  Wrote public/404.html 
[debug] [2024-10-30T08:32:40.723Z] >>> [apiv2][query] GET https://www.gstatic.com/firebasejs/releases.json [none]
[debug] [2024-10-30T08:32:41.177Z] <<< [apiv2][status] GET https://www.gstatic.com/firebasejs/releases.json 200
[debug] [2024-10-30T08:32:41.177Z] <<< [apiv2][body] GET https://www.gstatic.com/firebasejs/releases.json {"current":{"version":"11.0.1","browserURL":"https://www.gstatic.com/firebasejs/11.0.1/firebase.js","packageURL":"https://www.gstatic.com/firebasejs/11.0.1/firebase.tgz"},"live":{"version":"11.0","browserURL":"https://www.gstatic.com/firebasejs/live/11.0/firebase.js","packageURL":"https://www.gstatic.com/firebasejs/live/11.0/firebase.tgz"},"components":{"analytics":"https://www.gstatic.com/firebasejs/11.0.1/firebase-analytics.js","app":"https://www.gstatic.com/firebasejs/11.0.1/firebase-app.js","app-check":"https://www.gstatic.com/firebasejs/11.0.1/firebase-app-check.js","auth":"https://www.gstatic.com/firebasejs/11.0.1/firebase-auth.js","auth/cordova":"https://www.gstatic.com/firebasejs/11.0.1/firebase-auth/cordova.js","auth/web-extension":"https://www.gstatic.com/firebasejs/11.0.1/firebase-auth/web-extension.js","functions":"https://www.gstatic.com/firebasejs/11.0.1/firebase-functions.js","firestore":"https://www.gstatic.com/firebasejs/11.0.1/firebase-firestore.js","firestore/lite":"https://www.gstatic.com/firebasejs/11.0.1/firebase-firestore/lite.js","installations":"https://www.gstatic.com/firebasejs/11.0.1/firebase-installations.js","storage":"https://www.gstatic.com/firebasejs/11.0.1/firebase-storage.js","performance":"https://www.gstatic.com/firebasejs/11.0.1/firebase-performance.js","remote-config":"https://www.gstatic.com/firebasejs/11.0.1/firebase-remote-config.js","messaging":"https://www.gstatic.com/firebasejs/11.0.1/firebase-messaging.js","messaging/sw":"https://www.gstatic.com/firebasejs/11.0.1/firebase-messaging/sw.js","database":"https://www.gstatic.com/firebasejs/11.0.1/firebase-database.js","vertexai":"https://www.gstatic.com/firebasejs/11.0.1/firebase-vertexai.js","data-connect":"https://www.gstatic.com/firebasejs/11.0.1/firebase-data-connect.js","firestore.memory":"https://www.gstatic.com/firebasejs/11.0.1/firebase-firestore.memory.js"}}
[info] +  Wrote public/index.html 
[info] 
[info] i  Didn't detect a .git folder. Assuming C:\Users\HP\Documents\Projects\Amani is the project root. 
[info] i  Authorizing with GitHub to upload your service account to a GitHub repository's secrets store. 
[info] 
[info] Visit this URL on this device to log in:
[info] https://github.com/login/oauth/authorize?client_id=89cf50f02ac6aaed3484&state=290933781&redirect_uri=http%3A%2F%2Flocalhost%3A9005&scope=read%3Auser%20repo%20public_repo
[info] 
[info] Waiting for authentication...
[debug] [2024-10-30T08:37:30.997Z] >>> [apiv2][query] POST https://github.com/login/oauth/access_token [none]
[debug] [2024-10-30T08:37:30.998Z] >>> [apiv2][body] POST https://github.com/login/oauth/access_token [stream]
[debug] [2024-10-30T08:37:32.549Z] <<< [apiv2][status] POST https://github.com/login/oauth/access_token 200
[debug] [2024-10-30T08:37:32.549Z] <<< [apiv2][body] POST https://github.com/login/oauth/access_token {"access_token":"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","token_type":"bearer","scope":"read:user,repo"}
[debug] [2024-10-30T08:37:32.644Z] >>> [apiv2][query] GET https://api.github.com/user [none]
[debug] [2024-10-30T08:37:33.256Z] <<< [apiv2][status] GET https://api.github.com/user 200
[debug] [2024-10-30T08:37:33.256Z] <<< [apiv2][body] GET https://api.github.com/user {"login":"RickyJMuk","id":105170686,"node_id":"U_kgDOBkTG_g","avatar_url":"https://avatars.githubusercontent.com/u/105170686?v=4","gravatar_id":"","url":"https://api.github.com/users/RickyJMuk","html_url":"https://github.com/RickyJMuk","followers_url":"https://api.github.com/users/RickyJMuk/followers","following_url":"https://api.github.com/users/RickyJMuk/following{/other_user}","gists_url":"https://api.github.com/users/RickyJMuk/gists{/gist_id}","starred_url":"https://api.github.com/users/RickyJMuk/starred{/owner}{/repo}","subscriptions_url":"https://api.github.com/users/RickyJMuk/subscriptions","organizations_url":"https://api.github.com/users/RickyJMuk/orgs","repos_url":"https://api.github.com/users/RickyJMuk/repos","events_url":"https://api.github.com/users/RickyJMuk/events{/privacy}","received_events_url":"https://api.github.com/users/RickyJMuk/received_events","type":"User","user_view_type":"private","site_admin":false,"name":"sleekyRicky","company":null,"blog":"","location":null,"email":null,"hireable":null,"bio":null,"twitter_username":null,"notification_email":null,"public_repos":26,"public_gists":0,"followers":3,"following":2,"created_at":"2022-05-08T18:20:48Z","updated_at":"2024-10-04T12:35:23Z","private_gists":0,"total_private_repos":2,"owned_private_repos":2,"disk_usage":68120,"collaborators":0,"two_factor_authentication":false,"plan":{"name":"pro","space":976562499,"collaborators":0,"private_repos":9999}}
[info] 
[info] +  Success! Logged into GitHub as RickyJMuk 
[info] 
[debug] [2024-10-30T08:38:57.656Z] >>> [apiv2][query] GET https://api.github.com/repos//actions/secrets/public-key type=owner
[debug] [2024-10-30T08:39:00.015Z] <<< [apiv2][status] GET https://api.github.com/repos//actions/secrets/public-key 404
[debug] [2024-10-30T08:39:00.016Z] <<< [apiv2][body] GET https://api.github.com/repos//actions/secrets/public-key {"message":"Not Found","documentation_url":"https://docs.github.com/rest","status":"404"}
[info] 
[info] 
[error] !  The provided authorization cannot be used with this repository. If this repository is in an organization, did you remember to grant access? 
[info] 
[info] i  Action required: Visit this URL to ensure access has been granted to the appropriate organization(s) for the Firebase CLI GitHub OAuth App: 
[info] https://github.com/settings/connections/applications/89cf50f02ac6aaed3484
[info] 
